<?xml version="1.0" encoding="UTF-8"?>
<!-- Generated by org.testng.reporters.JUnitXMLReporter -->
<testsuite hostname="BWAW_500" name="MyTests" tests="4" failures="0" timestamp="7 Feb 2018 13:27:30 GMT" time="38.628" errors="0">
  <testcase name="OpenMainPage" time="16.687" classname="Annotiations.Test.SimpleTest"/>
  <testcase name="GoToEZakupyPage" time="4.899" classname="Annotiations.Test.SimpleTest"/>
  <testcase name="LoginToEZakupy" time="4.244" classname="Annotiations.Test.SimpleTest"/>
  <testcase name="AddToCart" time="6.758" classname="Annotiations.Test.SimpleTest"/>
</testsuite> <!-- MyTests -->
