<?xml version="1.0" encoding="UTF-8"?>
<!-- Generated by org.testng.reporters.JUnitXMLReporter -->
<testsuite hostname="BWAW_500" name="Command line test" tests="4" failures="0" timestamp="6 Feb 2018 11:46:42 GMT" time="39.491" errors="0">
  <testcase name="OpenMainPage" time="18.805" classname="Annotiations.Test.SimpleTest"/>
  <testcase name="GoToEZakupyPage" time="3.932" classname="Annotiations.Test.SimpleTest"/>
  <testcase name="LoginToEZakupy" time="3.725" classname="Annotiations.Test.SimpleTest"/>
  <testcase name="AddToCart" time="7.177" classname="Annotiations.Test.SimpleTest"/>
</testsuite> <!-- Command line test -->
