<?xml version="1.0" encoding="UTF-8"?>
<!-- Generated by org.testng.reporters.JUnitXMLReporter -->
<testsuite hostname="BWAW_500" name="Command line test" tests="3" failures="0" timestamp="5 Feb 2018 07:54:02 GMT" time="34.674" errors="0">
  <testcase name="OpenMainPage" time="18.566" classname="Annotiations.Test.SimpleTest"/>
  <testcase name="GoToEZakupyPage" time="5.459" classname="Annotiations.Test.SimpleTest"/>
  <testcase name="LoginToEZakupy" time="4.986" classname="Annotiations.Test.SimpleTest"/>
</testsuite> <!-- Command line test -->
