<?xml version="1.0" encoding="UTF-8" ?>
<testsuite tests="4" failures="1" name="TestSuite" time="33.23" errors="0" skipped="0">
  <properties>
[...]
</properties>
  <testcase classname="Annotiations.Test.SimpleTest" name="OpenMainPage" time="15.811"/>
  <testcase classname="Annotiations.Test.SimpleTest" name="GoToEZakupyPage" time="5.32"/>
  <testcase classname="Annotiations.Test.SimpleTest" name="LoginToEZakupy" time="4.963"/>
  <testcase classname="Annotiations.Test.SimpleTest" name="AddToCart" time="7.136">
    <failure message="Name of product selected and in the cart are not the same expected [true] but found [false]" type="java.lang.AssertionError">java.lang.AssertionError: Name of product selected and in the cart are not the same expected [true] but found [false]
	at org.testng.Assert.fail(Assert.java:94)
	at org.testng.Assert.failNotEquals(Assert.java:494)
	at org.testng.Assert.assertTrue(Assert.java:42)
	at Annotiations.Test.SimpleTest.AddToCart(SimpleTest.java:32)
</failure>
    <system-out>10:58:27.199 [main] INFO Annotiations.Test.SimpleTest - Performing After method
We are in before method
10:58:27.199 [main] INFO listener.Listeners - I am in onTestStart method AddToCart start
10:58:27.271 [main] INFO Annotiations.Test.EZakupyPage - Search Item podane
10:58:27.705 [main] INFO Annotiations.Test.EZakupyPage - Search klikni?te
10:58:31.695 [main] INFO Annotiations.Test.EZakupyPage - Wynik dla wyszukiwania chleb to Europiek Chleb Regionalny Krojony 500 G w cenie 1,69 zl, co wychodzi za sztuke/kg/litr 3.38 zl BIEREJ!!
Europiek Chleb Regionalny Krojony 500 G
10:58:33.755 [main] INFO Annotiations.Test.EZakupyPage - Mach was found
10:58:34.182 [main] ERROR listener.Listeners - Test SimpleTest.AddToCart()[pri:0, instance:Annotiations.Test.SimpleTest@6a4f787b] Failed!
</system-out>
    <system-err>1517997507704	Marionette	DEBUG	Canceled page load listener because no navigation has been detected
JavaScript warning: https://www.googletagmanager.com/gtag/js?id=AW-985304386, line 69: unreachable code after return statement
JavaScript warning: https://www.googletagmanager.com/gtag/js?id=AW-985304386, line 69: unreachable code after return statement
1517997511693	Marionette	DEBUG	Canceled page load listener because no navigation has been detected
1517997514181	Marionette	DEBUG	Canceled page load listener because no navigation has been detected
</system-err>
  </testcase>
</testsuite>