<?xml version="1.0" encoding="UTF-8"?>
<testsuite xmlns:xsi="http://www.w3.org/2001/XMLSchema-instance" xsi:schemaLocation="https://maven.apache.org/surefire/maven-surefire-plugin/xsd/surefire-test-report.xsd" name="TestSuite" time="43.016" tests="4" errors="0" skipped="0" failures="1">
  <properties>
[...]
</properties>
  <testcase name="OpenMainPage" classname="Annotiations.Test.SimpleTest" time="18.053"/>
  <testcase name="GoToEZakupyPage" classname="Annotiations.Test.SimpleTest" time="4.055"/>
  <testcase name="LoginToEZakupy" classname="Annotiations.Test.SimpleTest" time="4.064"/>
  <testcase name="AddToCart" classname="Annotiations.Test.SimpleTest" time="7.688">
    <failure message="Name of product selected and in the cart are not the same expected [true] but found [false]" type="java.lang.AssertionError">java.lang.AssertionError: Name of product selected and in the cart are not the same expected [true] but found [false]
	at Annotiations.Test.SimpleTest.AddToCart(SimpleTest.java:32)
</failure>
    <system-out><![CDATA[14:11:20.349 [main] INFO listener.Listeners - Test SimpleTest.LoginToEZakupy()[pri:0, instance:Annotiations.Test.SimpleTest@6767c1fc] Passed!
We are in before method
14:11:20.349 [main] INFO listener.Listeners - I am in onTestStart method AddToCart start
14:11:20.407 [main] INFO Annotiations.Test.EZakupyPage - Search Item podane
14:11:20.841 [main] INFO Annotiations.Test.EZakupyPage - Search klikni?te
14:11:25.353 [main] INFO Annotiations.Test.EZakupyPage - Wynik dla wyszukiwania chleb to Europiek Chleb Regionalny Krojony 500 G w cenie 1,69 zl, co wychodzi za sztuke/kg/litr 3.38 zl BIEREJ!!
Europiek Chleb Regionalny Krojony 500 G
14:11:27.669 [main] INFO Annotiations.Test.EZakupyPage - Mach was found
]]></system-out>
    <system-err><![CDATA[1518095480838	Marionette	DEBUG	Canceled page load listener because no navigation has been detected
JavaScript warning: https://www.googletagmanager.com/gtag/js?id=AW-985304386, line 67: unreachable code after return statement
JavaScript warning: https://www.googletagmanager.com/gtag/js?id=AW-985304386, line 67: unreachable code after return statement
1518095485351	Marionette	DEBUG	Canceled page load listener because no navigation has been detected
1518095488012	Marionette	DEBUG	Canceled page load listener because no navigation has been detected
]]></system-err>
  </testcase>
</testsuite>