<?xml version="1.0" encoding="UTF-8"?>
<testng-results skipped="0" failed="0" total="1" passed="1">
  <reporter-output>
  </reporter-output>
  <suite name="Command line suite" duration-ms="46917" started-at="2018-02-01T13:12:40Z" finished-at="2018-02-01T13:13:27Z">
    <groups>
    </groups>
    <test name="Command line test" duration-ms="46917" started-at="2018-02-01T13:12:40Z" finished-at="2018-02-01T13:13:27Z">
      <class name="Annotiations.Test.SimpleTest">
        <test-method status="PASS" signature="initialiseDriver()[pri:0, instance:Annotiations.Test.SimpleTest@670b40af]" name="initialiseDriver" is-config="true" duration-ms="1937" started-at="2018-02-01T14:12:40Z" finished-at="2018-02-01T14:12:42Z">
          <reporter-output>
          </reporter-output>
        </test-method> <!-- initialiseDriver -->
        <test-method status="PASS" signature="beforeMethod()[pri:0, instance:Annotiations.Test.SimpleTest@670b40af]" name="beforeMethod" is-config="true" duration-ms="1" started-at="2018-02-01T14:12:42Z" finished-at="2018-02-01T14:12:42Z">
          <reporter-output>
          </reporter-output>
        </test-method> <!-- beforeMethod -->
        <test-method status="PASS" signature="OpenMainPage()[pri:0, instance:Annotiations.Test.SimpleTest@670b40af]" name="OpenMainPage" duration-ms="14374" started-at="2018-02-01T14:12:42Z" description="Uruchomienie strony Tesco.pl" finished-at="2018-02-01T14:12:56Z">
          <reporter-output>
          </reporter-output>
        </test-method> <!-- OpenMainPage -->
        <test-method status="PASS" signature="quitDriver()[pri:0, instance:Annotiations.Test.SimpleTest@670b40af]" name="quitDriver" is-config="true" duration-ms="30597" started-at="2018-02-01T14:12:56Z" finished-at="2018-02-01T14:13:27Z">
          <reporter-output>
          </reporter-output>
        </test-method> <!-- quitDriver -->
        <test-method status="PASS" signature="afterMethod()[pri:0, instance:Annotiations.Test.SimpleTest@670b40af]" name="afterMethod" is-config="true" duration-ms="0" started-at="2018-02-01T14:12:56Z" finished-at="2018-02-01T14:12:56Z">
          <reporter-output>
          </reporter-output>
        </test-method> <!-- afterMethod -->
      </class> <!-- Annotiations.Test.SimpleTest -->
    </test> <!-- Command line test -->
  </suite> <!-- Command line suite -->
</testng-results>
