<?xml version="1.0" encoding="UTF-8"?>
<testsuite xmlns:xsi="http://www.w3.org/2001/XMLSchema-instance" xsi:schemaLocation="https://maven.apache.org/surefire/maven-surefire-plugin/xsd/surefire-test-report.xsd" name="TestSuite" time="43.016" tests="4" errors="0" skipped="0" failures="1">
  <properties>
    <property name="java.runtime.name" value="Java(TM) SE Runtime Environment"/>
    <property name="sun.boot.library.path" value="C:\Users\pmilosz\.jenkins\tools\hudson.model.JDK\JDK_8\jre\bin"/>
    <property name="java.vm.version" value="25.151-b12"/>
    <property name="java.vm.vendor" value="Oracle Corporation"/>
    <property name="maven.multiModuleProjectDirectory" value="C:\FunWithFlags\Test"/>
    <property name="java.vendor.url" value="http://java.oracle.com/"/>
    <property name="path.separator" value=";"/>
    <property name="guice.disable.misplaced.annotation.check" value="true"/>
    <property name="java.vm.name" value="Java HotSpot(TM) 64-Bit Server VM"/>
    <property name="file.encoding.pkg" value="sun.io"/>
    <property name="user.script" value=""/>
    <property name="user.country" value="GB"/>
    <property name="sun.java.launcher" value="SUN_STANDARD"/>
    <property name="sun.os.patch.level" value=""/>
    <property name="java.vm.specification.name" value="Java Virtual Machine Specification"/>
    <property name="user.dir" value="C:\FunWithFlags\Test"/>
    <property name="java.runtime.version" value="1.8.0_151-b12"/>
    <property name="java.awt.graphicsenv" value="sun.awt.Win32GraphicsEnvironment"/>
    <property name="java.endorsed.dirs" value="C:\Users\pmilosz\.jenkins\tools\hudson.model.JDK\JDK_8\jre\lib\endorsed"/>
    <property name="os.arch" value="amd64"/>
    <property name="java.io.tmpdir" value="C:\Users\pmilosz\AppData\Local\Temp\"/>
    <property name="line.separator" value="&#10;"/>
    <property name="java.vm.specification.vendor" value="Oracle Corporation"/>
    <property name="user.variant" value=""/>
    <property name="os.name" value="Windows 10"/>
    <property name="classworlds.conf" value="C:\FunWithFlags\.metadata\.plugins\org.eclipse.m2e.launching\launches\m2conf7916650725532557490.tmp"/>
    <property name="sun.jnu.encoding" value="Cp1252"/>
    <property name="java.library.path" value="C:\Users\pmilosz\.jenkins\tools\hudson.model.JDK\JDK_8\bin;C:\Windows\Sun\Java\bin;C:\Windows\system32;C:\Windows;C:/Program Files/Java/jre1.8.0_151/bin/server;C:/Program Files/Java/jre1.8.0_151/bin;C:/Program Files/Java/jre1.8.0_151/lib/amd64;C:\ProgramData\Oracle\Java\javapath;C:\Users\pmilosz\.jenkins\tools\hudson.model.JDK\JDK_8\bin;C:\Windows\system32;C:\Windows;C:\Windows\System32\Wbem;C:\Windows\System32\WindowsPowerShell\v1.0\;C:\Program Files\Microsoft SQL Server\120\DTS\Binn\;C:\Program Files\Microsoft SQL Server\Client SDK\ODBC\110\Tools\Binn\;C:\Program Files (x86)\Microsoft SQL Server\120\Tools\Binn\;C:\Program Files\Microsoft SQL Server\120\Tools\Binn\;C:\Program Files (x86)\Microsoft SQL Server\120\Tools\Binn\ManagementStudio\;C:\Program Files (x86)\Microsoft SQL Server\120\DTS\Binn\;C:\Users\pmilosz\Downloads\apache-ant-1.10.1-bin\apache-ant-1.10.1\bin;C:\Users\pmilosz\Downloads\Important jars\apache-maven-3.5.2-bin\apache-maven-3.5.2\bin;C:\Users\pmilosz\Downloads\geckodriver-v0.19.1-win64;C:\Users\pmilosz\Downloads\Important jars\chromedriver_win32;C:\Users\pmilosz\AppData\Local\Android\Sdk\tools\bin;C:\Users\pmilosz\AppData\Local\Android\Sdk\tools;C:\Users\pmilosz\AppData\Local\Android\Sdk\platform-tools;C:\Program Files\nodejs\;C:\Program Files\nodejs\node_modules\npm\bin;C:\Users\pmilosz\AppData\Local\Microsoft\WindowsApps;C:\Users\pmilosz\.jenkins\tools\hudson.model.JDK\JDK_8\bin;C:\Users\pmilosz\Downloads\apache-ant-1.10.1-bin\apache-ant-1.10.1\bin;C:\Users\pmilosz\Downloads\Important jars\apache-maven-3.5.2-bin\apache-maven-3.5.2\bin;C:\Users\pmilosz\AppData\Local\GitHubDesktop\bin;C:\Users\pmilosz\Downloads\geckodriver-v0.19.1-win64;C:\Users\pmilosz\Downloads\Important jars\chromedriver_win32;C:\Users\pmilosz\AppData\Roaming\npm;C:\Windows\system32;;."/>
    <property name="java.specification.name" value="Java Platform API Specification"/>
    <property name="java.class.version" value="52.0"/>
    <property name="sun.management.compiler" value="HotSpot 64-Bit Tiered Compilers"/>
    <property name="os.version" value="10.0"/>
    <property name="user.home" value="C:\Users\pmilosz"/>
    <property name="user.timezone" value="Europe/Berlin"/>
    <property name="java.awt.printerjob" value="sun.awt.windows.WPrinterJob"/>
    <property name="java.specification.version" value="1.8"/>
    <property name="file.encoding" value="Cp1252"/>
    <property name="user.name" value="pmilosz"/>
    <property name="java.class.path" value="C:\Users\pmilosz\.p2\pool\plugins\org.eclipse.m2e.maven.runtime_1.8.2.20171007-0216\jars\plexus-classworlds-2.5.2.jar"/>
    <property name="java.vm.specification.version" value="1.8"/>
    <property name="sun.arch.data.model" value="64"/>
    <property name="java.home" value="C:\Users\pmilosz\.jenkins\tools\hudson.model.JDK\JDK_8\jre"/>
    <property name="sun.java.command" value="org.codehaus.plexus.classworlds.launcher.Launcher -B test"/>
    <property name="java.specification.vendor" value="Oracle Corporation"/>
    <property name="user.language" value="en"/>
    <property name="awt.toolkit" value="sun.awt.windows.WToolkit"/>
    <property name="java.vm.info" value="mixed mode"/>
    <property name="java.version" value="1.8.0_151"/>
    <property name="java.ext.dirs" value="C:\Users\pmilosz\.jenkins\tools\hudson.model.JDK\JDK_8\jre\lib\ext;C:\Windows\Sun\Java\lib\ext"/>
    <property name="sun.boot.class.path" value="C:\Users\pmilosz\.jenkins\tools\hudson.model.JDK\JDK_8\jre\lib\resources.jar;C:\Users\pmilosz\.jenkins\tools\hudson.model.JDK\JDK_8\jre\lib\rt.jar;C:\Users\pmilosz\.jenkins\tools\hudson.model.JDK\JDK_8\jre\lib\sunrsasign.jar;C:\Users\pmilosz\.jenkins\tools\hudson.model.JDK\JDK_8\jre\lib\jsse.jar;C:\Users\pmilosz\.jenkins\tools\hudson.model.JDK\JDK_8\jre\lib\jce.jar;C:\Users\pmilosz\.jenkins\tools\hudson.model.JDK\JDK_8\jre\lib\charsets.jar;C:\Users\pmilosz\.jenkins\tools\hudson.model.JDK\JDK_8\jre\lib\jfr.jar;C:\Users\pmilosz\.jenkins\tools\hudson.model.JDK\JDK_8\jre\classes"/>
    <property name="java.vendor" value="Oracle Corporation"/>
    <property name="maven.home" value="C:\FunWithFlags\Test\EMBEDDED"/>
    <property name="file.separator" value="\"/>
    <property name="java.vendor.url.bug" value="http://bugreport.sun.com/bugreport/"/>
    <property name="sun.cpu.endian" value="little"/>
    <property name="sun.io.unicode.encoding" value="UnicodeLittle"/>
    <property name="sun.desktop" value="windows"/>
    <property name="sun.cpu.isalist" value="amd64"/>
  </properties>
  <testcase name="OpenMainPage" classname="Annotiations.Test.SimpleTest" time="18.053"/>
  <testcase name="GoToEZakupyPage" classname="Annotiations.Test.SimpleTest" time="4.055"/>
  <testcase name="LoginToEZakupy" classname="Annotiations.Test.SimpleTest" time="4.064"/>
  <testcase name="AddToCart" classname="Annotiations.Test.SimpleTest" time="7.688">
    <failure message="Name of product selected and in the cart are not the same expected [true] but found [false]" type="java.lang.AssertionError">java.lang.AssertionError: Name of product selected and in the cart are not the same expected [true] but found [false]
	at Annotiations.Test.SimpleTest.AddToCart(SimpleTest.java:32)
</failure>
    <system-out><![CDATA[14:11:20.349 [main] INFO listener.Listeners - Test SimpleTest.LoginToEZakupy()[pri:0, instance:Annotiations.Test.SimpleTest@6767c1fc] Passed!
We are in before method
14:11:20.349 [main] INFO listener.Listeners - I am in onTestStart method AddToCart start
14:11:20.407 [main] INFO Annotiations.Test.EZakupyPage - Search Item podane
14:11:20.841 [main] INFO Annotiations.Test.EZakupyPage - Search klikni?te
14:11:25.353 [main] INFO Annotiations.Test.EZakupyPage - Wynik dla wyszukiwania chleb to Europiek Chleb Regionalny Krojony 500 G w cenie 1,69 zl, co wychodzi za sztuke/kg/litr 3.38 zl BIEREJ!!
Europiek Chleb Regionalny Krojony 500 G
14:11:27.669 [main] INFO Annotiations.Test.EZakupyPage - Mach was found
]]></system-out>
    <system-err><![CDATA[1518095480838	Marionette	DEBUG	Canceled page load listener because no navigation has been detected
JavaScript warning: https://www.googletagmanager.com/gtag/js?id=AW-985304386, line 67: unreachable code after return statement
JavaScript warning: https://www.googletagmanager.com/gtag/js?id=AW-985304386, line 67: unreachable code after return statement
1518095485351	Marionette	DEBUG	Canceled page load listener because no navigation has been detected
1518095488012	Marionette	DEBUG	Canceled page load listener because no navigation has been detected
]]></system-err>
  </testcase>
</testsuite>