<?xml version="1.0" encoding="UTF-8"?>
<testng-results skipped="0" failed="0" total="1" passed="1">
  <reporter-output>
  </reporter-output>
  <suite name="MyTestSuite" duration-ms="12" started-at="2018-01-30T12:29:59Z" finished-at="2018-01-30T12:29:59Z">
    <groups>
    </groups>
    <test name="MyTests" duration-ms="12" started-at="2018-01-30T12:29:59Z" finished-at="2018-01-30T12:29:59Z">
      <class name="Annotiations.Test.SimpleTest">
        <test-method status="PASS" signature="beforeMethod()[pri:0, instance:Annotiations.Test.SimpleTest@1593948d]" name="beforeMethod" is-config="true" duration-ms="1" started-at="2018-01-30T13:29:59Z" finished-at="2018-01-30T13:29:59Z">
          <reporter-output>
          </reporter-output>
        </test-method> <!-- beforeMethod -->
        <test-method status="PASS" signature="st_test()[pri:0, instance:Annotiations.Test.SimpleTest@1593948d]" name="st_test" duration-ms="0" started-at="2018-01-30T13:29:59Z" finished-at="2018-01-30T13:29:59Z">
          <reporter-output>
          </reporter-output>
        </test-method> <!-- st_test -->
        <test-method status="PASS" signature="afterMethod()[pri:0, instance:Annotiations.Test.SimpleTest@1593948d]" name="afterMethod" is-config="true" duration-ms="0" started-at="2018-01-30T13:29:59Z" finished-at="2018-01-30T13:29:59Z">
          <reporter-output>
          </reporter-output>
        </test-method> <!-- afterMethod -->
      </class> <!-- Annotiations.Test.SimpleTest -->
    </test> <!-- MyTests -->
  </suite> <!-- MyTestSuite -->
</testng-results>
