<?xml version="1.0" encoding="UTF-8"?>
<testng-results skipped="0" failed="0" total="4" passed="4">
  <reporter-output>
  </reporter-output>
  <suite name="MyTestSuite" duration-ms="38628" started-at="2018-02-07T13:26:51Z" finished-at="2018-02-07T13:27:30Z">
    <groups>
    </groups>
    <test name="MyTests" duration-ms="38628" started-at="2018-02-07T13:26:51Z" finished-at="2018-02-07T13:27:30Z">
      <class name="Annotiations.Test.SimpleTest">
        <test-method status="PASS" signature="initialiseDriver()[pri:0, instance:Annotiations.Test.SimpleTest@7791a895]" name="initialiseDriver" is-config="true" duration-ms="3298" started-at="2018-02-07T14:26:51Z" finished-at="2018-02-07T14:26:55Z">
          <reporter-output>
          </reporter-output>
        </test-method> <!-- initialiseDriver -->
        <test-method status="PASS" signature="OpenMainPage()[pri:0, instance:Annotiations.Test.SimpleTest@7791a895]" name="OpenMainPage" duration-ms="16687" started-at="2018-02-07T14:26:55Z" description="Uruchomienie strony Tesco.pl" finished-at="2018-02-07T14:27:11Z">
          <reporter-output>
          </reporter-output>
        </test-method> <!-- OpenMainPage -->
        <test-method status="PASS" signature="beforeMethod()[pri:0, instance:Annotiations.Test.SimpleTest@7791a895]" name="beforeMethod" is-config="true" duration-ms="0" started-at="2018-02-07T14:26:55Z" finished-at="2018-02-07T14:26:55Z">
          <reporter-output>
          </reporter-output>
        </test-method> <!-- beforeMethod -->
        <test-method status="PASS" signature="afterTest(org.testng.ITestResult)[pri:0, instance:Annotiations.Test.SimpleTest@7791a895]" name="afterTest" is-config="true" duration-ms="0" started-at="2018-02-07T14:27:11Z" finished-at="2018-02-07T14:27:11Z">
          <params>
            <param index="0">
              <value>
                <![CDATA[[TestResult name=OpenMainPage status=SUCCESS method=SimpleTest.OpenMainPage()[pri:0, instance:Annotiations.Test.SimpleTest@7791a895] output={null}]]]>
              </value>
            </param>
          </params>
          <reporter-output>
          </reporter-output>
        </test-method> <!-- afterTest -->
        <test-method status="PASS" signature="beforeMethod()[pri:0, instance:Annotiations.Test.SimpleTest@7791a895]" name="beforeMethod" is-config="true" duration-ms="1" started-at="2018-02-07T14:27:11Z" finished-at="2018-02-07T14:27:11Z">
          <reporter-output>
          </reporter-output>
        </test-method> <!-- beforeMethod -->
        <test-method status="PASS" signature="GoToEZakupyPage()[pri:0, instance:Annotiations.Test.SimpleTest@7791a895]" name="GoToEZakupyPage" duration-ms="4899" started-at="2018-02-07T14:27:11Z" description="Przejście na strone eZakupy" finished-at="2018-02-07T14:27:16Z">
          <reporter-output>
          </reporter-output>
        </test-method> <!-- GoToEZakupyPage -->
        <test-method status="PASS" signature="LoginToEZakupy()[pri:0, instance:Annotiations.Test.SimpleTest@7791a895]" name="LoginToEZakupy" duration-ms="4244" started-at="2018-02-07T14:27:16Z" description="Zalogowanie do eZakupy" finished-at="2018-02-07T14:27:21Z">
          <reporter-output>
          </reporter-output>
        </test-method> <!-- LoginToEZakupy -->
        <test-method status="PASS" signature="afterTest(org.testng.ITestResult)[pri:0, instance:Annotiations.Test.SimpleTest@7791a895]" name="afterTest" is-config="true" duration-ms="0" started-at="2018-02-07T14:27:16Z" finished-at="2018-02-07T14:27:16Z">
          <params>
            <param index="0">
              <value>
                <![CDATA[[TestResult name=GoToEZakupyPage status=SUCCESS method=SimpleTest.GoToEZakupyPage()[pri:0, instance:Annotiations.Test.SimpleTest@7791a895] output={null}]]]>
              </value>
            </param>
          </params>
          <reporter-output>
          </reporter-output>
        </test-method> <!-- afterTest -->
        <test-method status="PASS" signature="beforeMethod()[pri:0, instance:Annotiations.Test.SimpleTest@7791a895]" name="beforeMethod" is-config="true" duration-ms="0" started-at="2018-02-07T14:27:16Z" finished-at="2018-02-07T14:27:16Z">
          <reporter-output>
          </reporter-output>
        </test-method> <!-- beforeMethod -->
        <test-method status="PASS" signature="afterTest(org.testng.ITestResult)[pri:0, instance:Annotiations.Test.SimpleTest@7791a895]" name="afterTest" is-config="true" duration-ms="0" started-at="2018-02-07T14:27:21Z" finished-at="2018-02-07T14:27:21Z">
          <params>
            <param index="0">
              <value>
                <![CDATA[[TestResult name=LoginToEZakupy status=SUCCESS method=SimpleTest.LoginToEZakupy()[pri:0, instance:Annotiations.Test.SimpleTest@7791a895] output={null}]]]>
              </value>
            </param>
          </params>
          <reporter-output>
          </reporter-output>
        </test-method> <!-- afterTest -->
        <test-method status="PASS" signature="beforeMethod()[pri:0, instance:Annotiations.Test.SimpleTest@7791a895]" name="beforeMethod" is-config="true" duration-ms="0" started-at="2018-02-07T14:27:21Z" finished-at="2018-02-07T14:27:21Z">
          <reporter-output>
          </reporter-output>
        </test-method> <!-- beforeMethod -->
        <test-method status="PASS" signature="AddToCart()[pri:0, instance:Annotiations.Test.SimpleTest@7791a895]" name="AddToCart" duration-ms="6758" started-at="2018-02-07T14:27:21Z" description="Szukanie i dodawanie produktu do koszyka" finished-at="2018-02-07T14:27:27Z">
          <reporter-output>
          </reporter-output>
        </test-method> <!-- AddToCart -->
        <test-method status="PASS" signature="quitDriver()[pri:0, instance:Annotiations.Test.SimpleTest@7791a895]" name="quitDriver" is-config="true" duration-ms="2719" started-at="2018-02-07T14:27:27Z" finished-at="2018-02-07T14:27:30Z">
          <reporter-output>
          </reporter-output>
        </test-method> <!-- quitDriver -->
        <test-method status="PASS" signature="afterTest(org.testng.ITestResult)[pri:0, instance:Annotiations.Test.SimpleTest@7791a895]" name="afterTest" is-config="true" duration-ms="0" started-at="2018-02-07T14:27:27Z" finished-at="2018-02-07T14:27:27Z">
          <params>
            <param index="0">
              <value>
                <![CDATA[[TestResult name=AddToCart status=SUCCESS method=SimpleTest.AddToCart()[pri:0, instance:Annotiations.Test.SimpleTest@7791a895] output={null}]]]>
              </value>
            </param>
          </params>
          <reporter-output>
          </reporter-output>
        </test-method> <!-- afterTest -->
      </class> <!-- Annotiations.Test.SimpleTest -->
    </test> <!-- MyTests -->
  </suite> <!-- MyTestSuite -->
</testng-results>
